0 info it worked if it ends with ok
1 verbose cli [ 'D:\\sdk\\nodejs\\node.exe',
1 verbose cli   'D:\\sdk\\nodejs\\node_modules\\npm\\bin\\npm-cli.js',
1 verbose cli   'run',
1 verbose cli   'debug' ]
2 info using npm@4.0.5
3 info using node@v7.4.0
4 verbose run-script [ 'predebug', 'debug', 'postdebug' ]
5 info lifecycle d3-easy-demo@1.0.0~predebug: d3-easy-demo@1.0.0
6 silly lifecycle d3-easy-demo@1.0.0~predebug: no script for predebug, continuing
7 info lifecycle d3-easy-demo@1.0.0~debug: d3-easy-demo@1.0.0
8 verbose lifecycle d3-easy-demo@1.0.0~debug: unsafe-perm in lifecycle true
9 verbose lifecycle d3-easy-demo@1.0.0~debug: PATH: D:\sdk\nodejs\node_modules\npm\bin\node-gyp-bin;D:\workspace\d3-v3-demo\node_modules\.bin;C:\windows\system32;C:\windows;C:\windows\System32\Wbem;C:\windows\System32\WindowsPowerShell\v1.0\;D:\sdk\TortoiseSVN\bin;D:\sdk\Java\jdk1.6.0_43\bin;D:\sdk\Java\jdk1.6.0_43\jre\bin;D:\sdk\apache-maven-2.2.1\bin;d:\sdk\Git\cmd;D:\sdk\Git\usr\bin;D:\sdk\nodejs\;D:\sdk\Python27;C:\Users\wb-llw259548\AppData\Roaming\npm;C:\Users\wb-llw259548\AppData\Roaming\npm
10 verbose lifecycle d3-easy-demo@1.0.0~debug: CWD: D:\workspace\d3-v3-demo
11 silly lifecycle d3-easy-demo@1.0.0~debug: Args: [ '/d /s /c',
11 silly lifecycle   'webpack-dev-server --hot --inline --progress --colors --devtool source-map' ]
12 silly lifecycle d3-easy-demo@1.0.0~debug: Returned: code: 3221225786  signal: null
13 info lifecycle d3-easy-demo@1.0.0~debug: Failed to exec debug script
14 verbose stack Error: d3-easy-demo@1.0.0 debug: `webpack-dev-server --hot --inline --progress --colors --devtool source-map`
14 verbose stack Exit status 3221225786
14 verbose stack     at EventEmitter.<anonymous> (D:\sdk\nodejs\node_modules\npm\lib\utils\lifecycle.js:279:16)
14 verbose stack     at emitTwo (events.js:106:13)
14 verbose stack     at EventEmitter.emit (events.js:191:7)
14 verbose stack     at ChildProcess.<anonymous> (D:\sdk\nodejs\node_modules\npm\lib\utils\spawn.js:40:14)
14 verbose stack     at emitTwo (events.js:106:13)
14 verbose stack     at ChildProcess.emit (events.js:191:7)
14 verbose stack     at maybeClose (internal/child_process.js:885:16)
14 verbose stack     at Process.ChildProcess._handle.onexit (internal/child_process.js:226:5)
15 verbose pkgid d3-easy-demo@1.0.0
16 verbose cwd D:\workspace\d3-v3-demo
17 error Windows_NT 6.1.7601
18 error argv "D:\\sdk\\nodejs\\node.exe" "D:\\sdk\\nodejs\\node_modules\\npm\\bin\\npm-cli.js" "run" "debug"
19 error node v7.4.0
20 error npm  v4.0.5
21 error code ELIFECYCLE
22 error d3-easy-demo@1.0.0 debug: `webpack-dev-server --hot --inline --progress --colors --devtool source-map`
22 error Exit status 3221225786
23 error Failed at the d3-easy-demo@1.0.0 debug script 'webpack-dev-server --hot --inline --progress --colors --devtool source-map'.
23 error Make sure you have the latest version of node.js and npm installed.
23 error If you do, this is most likely a problem with the d3-easy-demo package,
23 error not with npm itself.
23 error Tell the author that this fails on your system:
23 error     webpack-dev-server --hot --inline --progress --colors --devtool source-map
23 error You can get information on how to open an issue for this project with:
23 error     npm bugs d3-easy-demo
23 error Or if that isn't available, you can get their info via:
23 error     npm owner ls d3-easy-demo
23 error There is likely additional logging output above.
24 verbose exit [ 1, true ]
